[    1464ms] [INFO] %cDownload the React DevTools for a better development experience: https://react.dev/link/react-devtools font-weight:bold @ http://localhost:3000/_next/static/chunks/1xcn_next_dist_1xno41f._.js:2477
[    1535ms] [LOG] [HMR] connected @ http://localhost:3000/_next/static/chunks/1xcn_next_dist_1xno41f._.js:2477
[    1686ms] [WARNING] Clerk: Clerk has been loaded with development keys. Development instances have strict usage limits and should not be used when deploying your application to production. Learn more: https://clerk.com/docs/deployments/overview @ http://localhost:3000/_next/static/chunks/1xcn_next_dist_1xno41f._.js:2477
[    2646ms] [LOG] %c[Vercel Web Analytics]%c Debug mode is enabled by default in development. No requests will be sent to the server. color: rgb(120, 120, 120) color: inherit @ http://localhost:3000/_next/static/chunks/1xcn_next_dist_1xno41f._.js:2477
[    2647ms] [LOG] %c[Vercel Web Analytics]%c [view] http://localhost:3000/ color: rgb(120, 120, 120) color: inherit {o: http://localhost:3000/, sv: 0.1.3, sdkn: @vercel/analytics/react, sdkv: 2.0.1, ts: 1781102703545} /_vercel/insights/view @ http://localhost:3000/_next/static/chunks/1xcn_next_dist_1xno41f._.js:2477
[   60352ms] [ERROR] WebSocket connection to 'ws://localhost:3000/_next/webpack-hmr?id=UZHHjnwbWO7BtXNzKX3ED' failed: Error in connection establishment: net::ERR_CONNECTION_REFUSED @ http://localhost:3000/_next/static/chunks/1xcn_next_dist_client_1zql_hg._.js:13422
[   63700ms] [ERROR] WebSocket connection to 'ws://localhost:3000/_next/webpack-hmr?id=UZHHjnwbWO7BtXNzKX3ED' failed: Error in connection establishment: net::ERR_CONNECTION_REFUSED @ http://localhost:3000/_next/static/chunks/1xcn_next_dist_client_1zql_hg._.js:13422
[   67042ms] [ERROR] WebSocket connection to 'ws://localhost:3000/_next/webpack-hmr?id=UZHHjnwbWO7BtXNzKX3ED' failed: Error in connection establishment: net::ERR_CONNECTION_REFUSED @ http://localhost:3000/_next/static/chunks/1xcn_next_dist_client_1zql_hg._.js:13422
[   70380ms] [ERROR] WebSocket connection to 'ws://localhost:3000/_next/webpack-hmr?id=UZHHjnwbWO7BtXNzKX3ED' failed: Error in connection establishment: net::ERR_CONNECTION_REFUSED @ http://localhost:3000/_next/static/chunks/1xcn_next_dist_client_1zql_hg._.js:13422
[   77308ms] [LOG] [HMR] connected @ http://localhost:3000/_next/static/chunks/1xcn_next_dist_1xno41f._.js:2477
[   78835ms] [INFO] %cDownload the React DevTools for a better development experience: https://react.dev/link/react-devtools font-weight:bold @ http://localhost:3000/_next/static/chunks/1xcn_next_dist_1xno41f._.js:2477
[   78858ms] [LOG] [HMR] connected @ http://localhost:3000/_next/static/chunks/1xcn_next_dist_1xno41f._.js:2477
[   78874ms] [LOG] %c%s%c Attention: Clerk collects telemetry data from its SDKs when connected to development instances. background: #e6e6e6;background: light-dark(rgba(0,0,0,0.1), rgba(255,255,255,0.25));color: #000000;color: light-dark(#000000, #ffffff);border-radius: 2px  Server   @ http://localhost:3000/_next/static/chunks/1xcn_next_dist_1xno41f._.js:2477
[   78875ms] [LOG] %c%s%c The data collected is used to inform Clerk's product roadmap. background: #e6e6e6;background: light-dark(rgba(0,0,0,0.1), rgba(255,255,255,0.25));color: #000000;color: light-dark(#000000, #ffffff);border-radius: 2px  Server   @ http://localhost:3000/_next/static/chunks/1xcn_next_dist_1xno41f._.js:2477
[   78875ms] [LOG] %c%s%c To learn more, including how to opt-out from the telemetry program, visit: https://clerk.com/docs/telemetry. background: #e6e6e6;background: light-dark(rgba(0,0,0,0.1), rgba(255,255,255,0.25));color: #000000;color: light-dark(#000000, #ffffff);border-radius: 2px  Server   @ http://localhost:3000/_next/static/chunks/1xcn_next_dist_1xno41f._.js:2477
[   78875ms] [LOG] %c%s%c  background: #e6e6e6;background: light-dark(rgba(0,0,0,0.1), rgba(255,255,255,0.25));color: #000000;color: light-dark(#000000, #ffffff);border-radius: 2px  Server   @ http://localhost:3000/_next/static/chunks/1xcn_next_dist_1xno41f._.js:2477
[   78941ms] [LOG] %c[Vercel Web Analytics]%c Debug mode is enabled by default in development. No requests will be sent to the server. color: rgb(120, 120, 120) color: inherit @ http://localhost:3000/_next/static/chunks/1xcn_next_dist_1xno41f._.js:2477
[   78942ms] [LOG] %c[Vercel Web Analytics]%c [view] http://localhost:3000/ color: rgb(120, 120, 120) color: inherit {o: http://localhost:3000/, sv: 0.1.3, sdkn: @vercel/analytics/react, sdkv: 2.0.1, ts: 1781102779840} /_vercel/insights/view @ http://localhost:3000/_next/static/chunks/1xcn_next_dist_1xno41f._.js:2477
[   79014ms] [WARNING] Clerk: Clerk has been loaded with development keys. Development instances have strict usage limits and should not be used when deploying your application to production. Learn more: https://clerk.com/docs/deployments/overview @ http://localhost:3000/_next/static/chunks/1xcn_next_dist_1xno41f._.js:2477
[   79184ms] [LOG] [Fast Refresh] rebuilding @ http://localhost:3000/_next/static/chunks/1xcn_next_dist_1xno41f._.js:2477
[   79188ms] [LOG] [Fast Refresh] done in 109ms @ http://localhost:3000/_next/static/chunks/1xcn_next_dist_1xno41f._.js:2477
