[    1369ms] [INFO] %cDownload the React DevTools for a better development experience: https://react.dev/link/react-devtools font-weight:bold @ http://localhost:3000/_next/static/chunks/1xcn_next_dist_1xno41f._.js:2477
[    1508ms] [LOG] [HMR] connected @ http://localhost:3000/_next/static/chunks/1xcn_next_dist_1xno41f._.js:2477
[    1807ms] [WARNING] Clerk: Clerk has been loaded with development keys. Development instances have strict usage limits and should not be used when deploying your application to production. Learn more: https://clerk.com/docs/deployments/overview @ http://localhost:3000/_next/static/chunks/1xcn_next_dist_1xno41f._.js:2477
[    2129ms] [LOG] %c[Vercel Web Analytics]%c Debug mode is enabled by default in development. No requests will be sent to the server. color: rgb(120, 120, 120) color: inherit @ http://localhost:3000/_next/static/chunks/1xcn_next_dist_1xno41f._.js:2477
[    2130ms] [LOG] %c[Vercel Web Analytics]%c [view] http://localhost:3000/ color: rgb(120, 120, 120) color: inherit {o: http://localhost:3000/, sv: 0.1.3, sdkn: @vercel/analytics/react, sdkv: 2.0.1, ts: 1781247303011} /_vercel/insights/view @ http://localhost:3000/_next/static/chunks/1xcn_next_dist_1xno41f._.js:2477
[   18416ms] [LOG] [Fast Refresh] rebuilding @ http://localhost:3000/_next/static/chunks/1xcn_next_dist_1xno41f._.js:2477
[   18905ms] [LOG] [Fast Refresh] done in 176ms @ http://localhost:3000/_next/static/chunks/1xcn_next_dist_1xno41f._.js:2477
[   19043ms] [LOG] [Fast Refresh] rebuilding @ http://localhost:3000/_next/static/chunks/1xcn_next_dist_1xno41f._.js:2477
[   19075ms] [LOG] [Fast Refresh] done in 138ms @ http://localhost:3000/_next/static/chunks/1xcn_next_dist_1xno41f._.js:2477
[   23438ms] [LOG] [Fast Refresh] rebuilding @ http://localhost:3000/_next/static/chunks/1xcn_next_dist_1xno41f._.js:2477
[   23475ms] [LOG] [Fast Refresh] done in 138ms @ http://localhost:3000/_next/static/chunks/1xcn_next_dist_1xno41f._.js:2477
[   23630ms] [LOG] [Fast Refresh] rebuilding @ http://localhost:3000/_next/static/chunks/1xcn_next_dist_1xno41f._.js:2477
[   23804ms] [LOG] [Fast Refresh] done in 288ms @ http://localhost:3000/_next/static/chunks/1xcn_next_dist_1xno41f._.js:2477
[   28076ms] [LOG] [Fast Refresh] rebuilding @ http://localhost:3000/_next/static/chunks/1xcn_next_dist_1xno41f._.js:2477
[   28116ms] [LOG] [Fast Refresh] done in 145ms @ http://localhost:3000/_next/static/chunks/1xcn_next_dist_1xno41f._.js:2477
[   28251ms] [LOG] [Fast Refresh] rebuilding @ http://localhost:3000/_next/static/chunks/1xcn_next_dist_1xno41f._.js:2477
[   28452ms] [LOG] [Fast Refresh] done in 302ms @ http://localhost:3000/_next/static/chunks/1xcn_next_dist_1xno41f._.js:2477
[   28576ms] [LOG] [Fast Refresh] rebuilding @ http://localhost:3000/_next/static/chunks/1xcn_next_dist_1xno41f._.js:2477
[   28627ms] [LOG] [Fast Refresh] done in 152ms @ http://localhost:3000/_next/static/chunks/1xcn_next_dist_1xno41f._.js:2477
[   31317ms] [LOG] [Fast Refresh] rebuilding @ http://localhost:3000/_next/static/chunks/1xcn_next_dist_1xno41f._.js:2477
[   31365ms] [LOG] [Fast Refresh] done in 145ms @ http://localhost:3000/_next/static/chunks/1xcn_next_dist_1xno41f._.js:2477
[   31505ms] [LOG] [Fast Refresh] rebuilding @ http://localhost:3000/_next/static/chunks/1xcn_next_dist_1xno41f._.js:2477
[   31728ms] [LOG] [Fast Refresh] done in 330ms @ http://localhost:3000/_next/static/chunks/1xcn_next_dist_1xno41f._.js:2477
[   35529ms] [LOG] [Fast Refresh] rebuilding @ http://localhost:3000/_next/static/chunks/1xcn_next_dist_1xno41f._.js:2477
[   35595ms] [LOG] [Fast Refresh] done in 174ms @ http://localhost:3000/_next/static/chunks/1xcn_next_dist_1xno41f._.js:2477
[   35752ms] [LOG] [Fast Refresh] rebuilding @ http://localhost:3000/_next/static/chunks/1xcn_next_dist_1xno41f._.js:2477
[   35990ms] [LOG] [Fast Refresh] done in 353ms @ http://localhost:3000/_next/static/chunks/1xcn_next_dist_1xno41f._.js:2477
