[     125ms] [LOG] [Fast Refresh] rebuilding @ http://localhost:3000/_next/static/chunks/1xcn_next_dist_1xno41f._.js:2477
[     714ms] [LOG] [Fast Refresh] done in 693ms @ http://localhost:3000/_next/static/chunks/1xcn_next_dist_1xno41f._.js:2477
[     797ms] [INFO] %cDownload the React DevTools for a better development experience: https://react.dev/link/react-devtools font-weight:bold @ http://localhost:3000/_next/static/chunks/1xcn_next_dist_1xno41f._.js:2477
[     816ms] [LOG] [HMR] connected @ http://localhost:3000/_next/static/chunks/1xcn_next_dist_1xno41f._.js:2477
[     871ms] [LOG] %c[Vercel Web Analytics]%c Debug mode is enabled by default in development. No requests will be sent to the server. color: rgb(120, 120, 120) color: inherit @ http://localhost:3000/_next/static/chunks/1xcn_next_dist_1xno41f._.js:2477
[     871ms] [LOG] %c[Vercel Web Analytics]%c [view] http://localhost:3000/unauthorized color: rgb(120, 120, 120) color: inherit {o: http://localhost:3000/unauthorized, sv: 0.1.3, sdkn: @vercel/analytics/react, sdkv: 2.0.1, ts: 1781248022258} /_vercel/insights/view @ http://localhost:3000/_next/static/chunks/1xcn_next_dist_1xno41f._.js:2477
[    1063ms] [WARNING] Clerk: Clerk has been loaded with development keys. Development instances have strict usage limits and should not be used when deploying your application to production. Learn more: https://clerk.com/docs/deployments/overview @ http://localhost:3000/_next/static/chunks/1xcn_next_dist_1xno41f._.js:2477
[    3445ms] [WARNING] Image with src "/icon.svg" was detected as the Largest Contentful Paint (LCP). Please add the `loading="eager"` property if this image is above the fold.
Read more: https://nextjs.org/docs/app/api-reference/components/image#loading @ http://localhost:3000/_next/static/chunks/1xcn_next_dist_1xno41f._.js:2477
[    7804ms] [LOG] [Fast Refresh] rebuilding @ http://localhost:3000/_next/static/chunks/1xcn_next_dist_1xno41f._.js:2477
[    8024ms] [LOG] [Fast Refresh] done in 319ms @ http://localhost:3000/_next/static/chunks/1xcn_next_dist_1xno41f._.js:2477
[    8170ms] [LOG] [Fast Refresh] rebuilding @ http://localhost:3000/_next/static/chunks/1xcn_next_dist_1xno41f._.js:2477
[    8327ms] [LOG] [Fast Refresh] done in 260ms @ http://localhost:3000/_next/static/chunks/1xcn_next_dist_1xno41f._.js:2477
[    8722ms] [LOG] [Fast Refresh] rebuilding @ http://localhost:3000/_next/static/chunks/1xcn_next_dist_1xno41f._.js:2477
[    8722ms] [LOG] [Fast Refresh] done in 109ms @ http://localhost:3000/_next/static/chunks/1xcn_next_dist_1xno41f._.js:2477
[   54666ms] [LOG] [Fast Refresh] rebuilding @ http://localhost:3000/_next/static/chunks/1xcn_next_dist_1xno41f._.js:2477
[   54736ms] [LOG] [Fast Refresh] done in 167ms @ http://localhost:3000/_next/static/chunks/1xcn_next_dist_1xno41f._.js:2477
[  143212ms] [LOG] [Fast Refresh] rebuilding @ http://localhost:3000/_next/static/chunks/1xcn_next_dist_1xno41f._.js:2477
[  143277ms] [LOG] [Fast Refresh] done in 174ms @ http://localhost:3000/_next/static/chunks/1xcn_next_dist_1xno41f._.js:2477
[  270996ms] [LOG] [Fast Refresh] rebuilding @ http://localhost:3000/_next/static/chunks/1xcn_next_dist_1xno41f._.js:2477
[  275110ms] [LOG] [Fast Refresh] done in 4216ms @ http://localhost:3000/_next/static/chunks/1xcn_next_dist_1xno41f._.js:2477
[  275386ms] [LOG] [Fast Refresh] rebuilding @ http://localhost:3000/_next/static/chunks/1xcn_next_dist_1xno41f._.js:2477
[  275536ms] [LOG] [Fast Refresh] done in 250ms @ http://localhost:3000/_next/static/chunks/1xcn_next_dist_1xno41f._.js:2477
[  275948ms] [INFO] %cDownload the React DevTools for a better development experience: https://react.dev/link/react-devtools font-weight:bold @ http://localhost:3000/_next/static/chunks/1xcn_next_dist_1xno41f._.js:2477
[  275971ms] [LOG] [HMR] connected @ http://localhost:3000/_next/static/chunks/1xcn_next_dist_1xno41f._.js:2477
[  276058ms] [LOG] %c[Vercel Web Analytics]%c Debug mode is enabled by default in development. No requests will be sent to the server. color: rgb(120, 120, 120) color: inherit @ http://localhost:3000/_next/static/chunks/1xcn_next_dist_1xno41f._.js:2477
[  276059ms] [LOG] %c[Vercel Web Analytics]%c [view] http://localhost:3000/unauthorized color: rgb(120, 120, 120) color: inherit {o: http://localhost:3000/unauthorized, sv: 0.1.3, sdkn: @vercel/analytics/react, sdkv: 2.0.1, ts: 1781248297446} /_vercel/insights/view @ http://localhost:3000/_next/static/chunks/1xcn_next_dist_1xno41f._.js:2477
[  276132ms] [WARNING] Clerk: Clerk has been loaded with development keys. Development instances have strict usage limits and should not be used when deploying your application to production. Learn more: https://clerk.com/docs/deployments/overview @ http://localhost:3000/_next/static/chunks/1xcn_next_dist_1xno41f._.js:2477
[  276306ms] [LOG] [Fast Refresh] rebuilding @ http://localhost:3000/_next/static/chunks/1xcn_next_dist_1xno41f._.js:2477
[  276414ms] [LOG] [Fast Refresh] done in 212ms @ http://localhost:3000/_next/static/chunks/1xcn_next_dist_1xno41f._.js:2477
[  277047ms] [LOG] [Fast Refresh] rebuilding @ http://localhost:3000/_next/static/chunks/1xcn_next_dist_1xno41f._.js:2477
[  277101ms] [LOG] [Fast Refresh] done in 169ms @ http://localhost:3000/_next/static/chunks/1xcn_next_dist_1xno41f._.js:2477
[  279580ms] [WARNING] The resource http://localhost:3000/_next/static/media/1b99372b3eaef0c8-s.p.1gsd1jahc5dg_.woff2 was preloaded using link preload but not used within a few seconds from the window's load event. Please make sure it has an appropriate `as` value and it is preloaded intentionally. @ http://localhost:3000/unauthorized:0
[  279883ms] [LOG] [Fast Refresh] rebuilding @ http://localhost:3000/_next/static/chunks/1xcn_next_dist_1xno41f._.js:2477
[  280054ms] [LOG] [Fast Refresh] done in 243ms @ http://localhost:3000/_next/static/chunks/1xcn_next_dist_1xno41f._.js:2477
[  288000ms] [LOG] [Fast Refresh] rebuilding @ http://localhost:3000/_next/static/chunks/1xcn_next_dist_1xno41f._.js:2477
[  288092ms] [LOG] [Fast Refresh] done in 164ms @ http://localhost:3000/_next/static/chunks/1xcn_next_dist_1xno41f._.js:2477
[  297916ms] [LOG] [Fast Refresh] rebuilding @ http://localhost:3000/_next/static/chunks/1xcn_next_dist_1xno41f._.js:2477
[  298022ms] [LOG] [Fast Refresh] done in 206ms @ http://localhost:3000/_next/static/chunks/1xcn_next_dist_1xno41f._.js:2477
[  298191ms] [LOG] [Fast Refresh] rebuilding @ http://localhost:3000/_next/static/chunks/1xcn_next_dist_1xno41f._.js:2477
[  298370ms] [LOG] [Fast Refresh] done in 280ms @ http://localhost:3000/_next/static/chunks/1xcn_next_dist_1xno41f._.js:2477
[  298841ms] [LOG] [Fast Refresh] rebuilding @ http://localhost:3000/_next/static/chunks/1xcn_next_dist_1xno41f._.js:2477
[  299057ms] [LOG] [Fast Refresh] done in 319ms @ http://localhost:3000/_next/static/chunks/1xcn_next_dist_1xno41f._.js:2477
[  304906ms] [LOG] [Fast Refresh] rebuilding @ http://localhost:3000/_next/static/chunks/1xcn_next_dist_1xno41f._.js:2477
[  304967ms] [LOG] [Fast Refresh] done in 157ms @ http://localhost:3000/_next/static/chunks/1xcn_next_dist_1xno41f._.js:2477
[  305108ms] [LOG] [Fast Refresh] rebuilding @ http://localhost:3000/_next/static/chunks/1xcn_next_dist_1xno41f._.js:2477
[  305277ms] [LOG] [Fast Refresh] done in 271ms @ http://localhost:3000/_next/static/chunks/1xcn_next_dist_1xno41f._.js:2477
[  305471ms] [LOG] [Fast Refresh] rebuilding @ http://localhost:3000/_next/static/chunks/1xcn_next_dist_1xno41f._.js:2477
[  305658ms] [LOG] [Fast Refresh] done in 290ms @ http://localhost:3000/_next/static/chunks/1xcn_next_dist_1xno41f._.js:2477
[  312020ms] [LOG] [Fast Refresh] rebuilding @ http://localhost:3000/_next/static/chunks/1xcn_next_dist_1xno41f._.js:2477
[  312078ms] [LOG] [Fast Refresh] done in 163ms @ http://localhost:3000/_next/static/chunks/1xcn_next_dist_1xno41f._.js:2477
[  312212ms] [LOG] [Fast Refresh] rebuilding @ http://localhost:3000/_next/static/chunks/1xcn_next_dist_1xno41f._.js:2477
[  312478ms] [LOG] [Fast Refresh] done in 368ms @ http://localhost:3000/_next/static/chunks/1xcn_next_dist_1xno41f._.js:2477
[  312688ms] [LOG] [Fast Refresh] rebuilding @ http://localhost:3000/_next/static/chunks/1xcn_next_dist_1xno41f._.js:2477
[  312915ms] [LOG] [Fast Refresh] done in 362ms @ http://localhost:3000/_next/static/chunks/1xcn_next_dist_1xno41f._.js:2477
